epoch	loss	loss_cls	loss_box	OBOA	MAE	MAEP	MAEN	lr
1	4.705036454477724	1.3817373164347246	3.323299140287666	0.46128266033254156	0.772179744867984	1.1586709374757678	0.30632524817311096	5e-05
2	3.9524279403830676	1.2430572570464287	2.7093706828063624	0.5370546318289786	0.5866183743659604	0.839279559169434	0.2734797783063391	5e-05
3	3.6380802887867345	1.1838570386177776	2.4542232523827336	0.569833729216152	0.4959177899247167	0.687304786103991	0.2736809391251699	5e-05
4	3.4781168533952056	1.156600388950829	2.321516464374874	0.5824228028503563	0.4596165458814997	0.6177796045538939	0.27507941051849444	5e-05
5	3.426539708367951	1.1376897647709807	2.288849941470715	0.5774346793349169	0.4882322966115285	0.6752609510231813	0.27597563912000694	5e-05
6	3.327882379415714	1.1217917627995844	2.2060906183279454	0.5750593824228029	0.4792818278217126	0.6445123461945789	0.2814536393314432	5e-05
7	3.3270156248422555	1.1127963430601946	2.214219284217215	0.5814726840855107	0.4809617080790799	0.6610905066290411	0.2807784495100166	5e-05
8	3.2973253039349957	1.112605765961952	2.184719537540585	0.5909738717339668	0.4635184096336004	0.6216732431018387	0.2791671479880097	5e-05
9	3.200655736585488	1.0833552349156887	2.117300496938496	0.5852731591448931	0.4723787148718627	0.6537134207244705	0.27819983900313217	5e-05
10	3.1390349134104576	1.0681817796929973	2.070853136204098	0.5743467933491686	0.4938082823309137	0.685487958976857	0.27874832254569737	5e-05
11	3.0716590510565838	1.0514971015366332	2.0201619521147025	0.6033254156769596	0.4260111547049901	0.5835395136533009	0.26081718218255295	5e-05
12	3.0632910473406945	1.0392419825720494	2.024049067265579	0.6061757719714964	0.45277387983676126	0.6465522043263201	0.2573314285147553	5e-05
13	2.9426585119606172	1.0031434987230246	1.9395150119041784	0.6092636579572447	0.46419000661435744	0.6682917862192016	0.2551819342305513	5e-05
14	2.808709850838467	0.9694059575589937	1.8393038931533394	0.5942992874109264	0.4589850951079034	0.6645998507312585	0.2488274582363835	5e-05
15	2.7198601197177044	0.9464800391720274	1.7733800781542837	0.6130641330166271	0.4496132389514496	0.6655434472407038	0.2458453046286265	5e-05
16	2.604815436809888	0.9201860939676421	1.6846293432566857	0.6140142517814727	0.4389971869023101	0.6447166654714501	0.2418892213895519	5e-05
17	2.492557723294116	0.8869378729789156	1.6056198476329269	0.6270783847980997	0.42895103896179704	0.6491694038547019	0.2347217882091359	5e-05
18	2.431402827297681	0.8768993934192917	1.5545034353430855	0.6247030878859857	0.4288877400053118	0.6489737579957591	0.23606728039336128	5e-05
19	2.385310292140991	0.8607794008947969	1.5245308890375662	0.6173396674584323	0.4315256853261598	0.667015561768442	0.23065447910030487	5e-05
20	2.310886056757866	0.8392213863789671	1.4716646711029877	0.6361045130641331	0.4295826226125982	0.6533846061133091	0.2306809943869771	5e-05
21	2.3060664172822265	0.8367016119695436	1.46936480536674	0.640855106888361	0.4253888940932865	0.6702751902299138	0.22722778724959417	5e-05
22	2.20014606904479	0.810915961424647	1.3892301070821438	0.6320665083135392	0.421732775538582	0.6433553578033715	0.23105704965720858	5e-05
23	2.181986793640802	0.8060103648606245	1.3759764255135705	0.638479809976247	0.4126716774466637	0.6567897027034102	0.2214924192087461	5e-05
24	2.148288347319016	0.7984091554931882	1.3498791949843207	0.639667458432304	0.4130097885279522	0.6472848968936495	0.2257899369707505	5e-05
25	2.0786995625552542	0.7763813627278462	1.3023181979225305	0.6332541567695962	0.44261716844672827	0.7112414131972092	0.2250384594570861	5e-05
26	2.0797047765227687	0.7775283948130804	1.3021763813673253	0.6410926365795725	0.40037611375880555	0.6161303407037471	0.22612377331937483	5e-05
27	2.0206979502820217	0.7617301321626868	1.258967817632819	0.6465558194774347	0.40292169427254976	0.6427475835967918	0.2213506745587868	5e-05
28	1.9781176661652227	0.7541546400127234	1.2239630252258022	0.645605700712589	0.4082749311076311	0.673622488377766	0.21635142161261356	5e-05
29	1.957474231245834	0.7491635768403545	1.2083106531943697	0.6472684085510689	0.41509150175244613	0.6607989327324683	0.2232235163086546	5e-05
30	1.8784285580821027	0.7270993745139083	1.151329184855274	0.6465558194774347	0.42341567929574403	0.7013997957620294	0.21779932868638346	5e-05
31	1.889694059592708	0.7314651592172677	1.158228900936607	0.640855106888361	0.4140210824771874	0.6783545360756048	0.22133447872474646	5e-05
32	1.8195360776287153	0.7084383835006908	1.1110976928486678	0.6467933491686461	0.4101825099749013	0.6639626495974045	0.2186044220814661	5e-05
33	1.7835744419717758	0.6989603565478526	1.0846140857727218	0.6482185273159145	0.44875378388532783	0.7529243311847836	0.21757399500973845	5e-05
34	1.721258262289546	0.6806016790534786	1.0406565791148394	0.6555819477434679	0.37875851619930295	0.6014507972202303	0.2132377524591091	5e-05
35	1.7285133738724723	0.6834386370089882	1.04507473686091	0.649643705463183	0.41343830550787186	0.6741570695911894	0.2168129042617017	5e-05
36	1.7261150046832308	0.68243324884558	1.043681754756504	0.643230403800475	0.4212907178155738	0.7051744213884659	0.2161603493582369	5e-05
37	1.6841149221870044	0.6717985072935974	1.0123164143425372	0.663895486935867	0.3983828723647606	0.6596761021613005	0.21359155331968296	5e-05
38	1.6754021351266901	0.670230150572864	1.0051719862785125	0.6581947743467933	0.40374938806675575	0.6667754997677268	0.2155367343801593	5e-05
39	1.6853736579508278	0.6700590127025663	1.015314647688564	0.6541567695961995	0.41545478939604735	0.6849692158190958	0.21239289960042254	5e-05
40	1.6282257899175425	0.6541071545122715	0.9741186360179207	0.6579572446555819	0.38559235134726666	0.6161237096870517	0.21274174018975567	5e-05
41	1.5851058249322878	0.6468694157072874	0.938236407114577	0.6596199524940618	0.41394632206687876	0.7015692225116192	0.21132938005317609	5e-05
42	1.6189181565775055	0.6547713914730461	0.9641467647067519	0.6617577197149643	0.3807264195857292	0.6095944196958181	0.21759511926316005	5e-05
43	1.575899162021679	0.642258564984662	0.9336405974823464	0.6548693586698338	0.40821769059763713	0.6731885567436944	0.21600521802447112	5e-05
44	1.569410117247583	0.641523234598633	0.9278868811533637	0.663895486935867	0.3697716945650535	0.5825741139657589	0.21373994942192523	5e-05
45	1.5127250633888696	0.6232253928475897	0.8894996712615036	0.6762470308788598	0.39077762942217	0.643541315829017	0.21026154393454405	5e-05
46	1.5182265732042914	0.6244952736821868	0.8937312994293668	0.6586698337292162	0.39546038889801083	0.663072948400072	0.21023979908187548	5e-05
47	1.505450819079754	0.6224951400043279	0.8829556805658639	0.6688836104513064	0.4089368209329324	0.6772860612802898	0.21484222097641095	5e-05
48	1.455634211186224	0.6076004705658692	0.8480337413488416	0.6703087885985748	0.39742870829262505	0.6539751726699068	0.2122325898362239	5e-05
49	1.519017919287314	0.6253994277707188	0.8936184934137501	0.6745843230403801	0.4027040943927235	0.6779327036524042	0.20843819596064686	5e-05
50	1.4414297748760074	0.6055181418940718	0.8359116330488637	0.6760095011876485	0.37577486222784917	0.6192851649720569	0.20623988916500147	5e-05
51	1.4463391962846293	0.6078930336876632	0.8384461616779914	0.667458432304038	0.40733826741700807	0.6774850284786708	0.2121340202668881	5e-05
52	1.4626534281938437	0.6104267025168939	0.8522267272652058	0.6748218527315915	0.40327750726155503	0.6754382359859197	0.21192825705000717	5e-05
53	1.4654776848770583	0.6083493548936706	0.8571283297452781	0.6695961995249406	0.4008569400923832	0.6764772088027474	0.2130741212346014	5e-05
54	1.4458280105643333	0.6005578729110669	0.8452701380020649	0.6629453681710213	0.3913674459528192	0.6463913981768066	0.21520632232821857	5e-05
55	1.4111916369558848	0.5963690332024227	0.8148226070187823	0.6657957244655582	0.4020282816206787	0.6808237303345085	0.2111443229374615	5e-05
56	1.3870083771728074	0.5903519641243595	0.796656412986668	0.6705463182897862	0.3951474197749272	0.6633138887343354	0.21099784934366836	5e-05
57	1.3706191153228733	0.5903263468048378	0.7802927662270344	0.6731591448931117	0.3891989103280151	0.6363233065429933	0.21132587677785683	5e-05
58	1.3888011352801215	0.588743407701576	0.8000577244239141	0.6824228028503563	0.3681864990881741	0.6154226535644467	0.20740061893288553	5e-05
59	1.345779195117065	0.5767966187816282	0.7689825759776285	0.6767220902612826	0.3955961261172518	0.672906431880393	0.20870110891306773	5e-05
60	1.3264790826264943	0.5683844763216872	0.7580946073280351	0.6779097387173396	0.3891285739115061	0.6584144233718571	0.20584219733270492	5e-05
61	1.2918797264781787	0.5599271555102379	0.731952570028373	0.6826603325415677	0.3695332214955957	0.6063541005353001	0.20433155990741328	5e-05
62	1.3204767245758278	0.5678238891211526	0.752652835598828	0.6567695961995249	0.4205427410624414	0.7117868851302085	0.21234173379607335	5e-05
